{
  "/home/david/projects/ob3/src/lib/translations.ts": {
    "path": "/home/david/projects/ob3/src/lib/translations.ts",
    "statementMap": {
      "0": {
        "start": {
          "line": 3,
          "column": 40
        },
        "end": {
          "line": 3,
          "column": null
        }
      },
      "1": {
        "start": {
          "line": 9,
          "column": 1
        },
        "end": {
          "line": 11,
          "column": null
        }
      },
      "2": {
        "start": {
          "line": 10,
          "column": 2
        },
        "end": {
          "line": 10,
          "column": null
        }
      },
      "3": {
        "start": {
          "line": 12,
          "column": 21
        },
        "end": {
          "line": 12,
          "column": null
        }
      },
      "4": {
        "start": {
          "line": 14,
          "column": 1
        },
        "end": {
          "line": 16,
          "column": null
        }
      },
      "5": {
        "start": {
          "line": 15,
          "column": 2
        },
        "end": {
          "line": 15,
          "column": null
        }
      }
    },
    "fnMap": {
      "0": {
        "name": "translation",
        "decl": {
          "start": {
            "line": 5,
            "column": 16
          },
          "end": {
            "line": 5,
            "column": null
          }
        },
        "loc": {
          "start": {
            "line": 8,
            "column": 10
          },
          "end": {
            "line": 17,
            "column": null
          }
        }
      },
      "1": {
        "name": "(anonymous_1)",
        "decl": {
          "start": {
            "line": 14,
            "column": 49
          },
          "end": {
            "line": 14,
            "column": 50
          }
        },
        "loc": {
          "start": {
            "line": 14,
            "column": 89
          },
          "end": {
            "line": 16,
            "column": 2
          }
        }
      }
    },
    "branchMap": {
      "0": {
        "loc": {
          "start": {
            "line": 7,
            "column": 1
          },
          "end": {
            "line": 7,
            "column": null
          }
        },
        "type": "default-arg",
        "locations": [
          {
            "start": {
              "line": 7,
              "column": 42
            },
            "end": {
              "line": 7,
              "column": null
            }
          }
        ]
      },
      "1": {
        "loc": {
          "start": {
            "line": 9,
            "column": 1
          },
          "end": {
            "line": 11,
            "column": null
          }
        },
        "type": "if",
        "locations": [
          {
            "start": {
              "line": 9,
              "column": 1
            },
            "end": {
              "line": 11,
              "column": null
            }
          }
        ]
      },
      "2": {
        "loc": {
          "start": {
            "line": 12,
            "column": 21
          },
          "end": {
            "line": 12,
            "column": null
          }
        },
        "type": "binary-expr",
        "locations": [
          {
            "start": {
              "line": 12,
              "column": 21
            },
            "end": {
              "line": 12,
              "column": 43
            }
          },
          {
            "start": {
              "line": 12,
              "column": 43
            },
            "end": {
              "line": 12,
              "column": null
            }
          }
        ]
      },
      "3": {
        "loc": {
          "start": {
            "line": 15,
            "column": 9
          },
          "end": {
            "line": 15,
            "column": null
          }
        },
        "type": "binary-expr",
        "locations": [
          {
            "start": {
              "line": 15,
              "column": 9
            },
            "end": {
              "line": 15,
              "column": 38
            }
          },
          {
            "start": {
              "line": 15,
              "column": 38
            },
            "end": {
              "line": 15,
              "column": null
            }
          }
        ]
      }
    },
    "s": {
      "0": 11,
      "1": 44,
      "2": 15,
      "3": 29,
      "4": 29,
      "5": 0
    },
    "f": {
      "0": 44,
      "1": 0
    },
    "b": {
      "0": [
        44
      ],
      "1": [
        15
      ],
      "2": [
        29,
        3
      ],
      "3": [
        0,
        0
      ]
    }
  },
  "/home/david/projects/ob3/src/stories/Header.svelte": {
    "path": "/home/david/projects/ob3/src/stories/Header.svelte",
    "statementMap": {
      "0": {
        "start": {
          "line": 46,
          "column": 6
        },
        "end": {
          "line": 46,
          "column": null
        }
      },
      "1": {
        "start": {
          "line": 48,
          "column": 22
        },
        "end": {
          "line": 48,
          "column": 33
        }
      },
      "2": {
        "start": {
          "line": 45,
          "column": 4
        },
        "end": {
          "line": 47,
          "column": null
        }
      },
      "3": {
        "start": {
          "line": 46,
          "column": 15
        },
        "end": {
          "line": 46,
          "column": null
        }
      },
      "4": {
        "start": {
          "line": 48,
          "column": 33
        },
        "end": {
          "line": 48,
          "column": null
        }
      },
      "5": {
        "start": {
          "line": 44,
          "column": 8
        },
        "end": {
          "line": 44,
          "column": null
        }
      },
      "6": {
        "start": {
          "line": 41,
          "column": 7
        },
        "end": {
          "line": 41,
          "column": 20
        }
      },
      "7": {
        "start": {
          "line": 17,
          "column": 0
        },
        "end": {
          "line": 52,
          "column": null
        }
      },
      "8": {
        "start": {
          "line": 18,
          "column": 1
        },
        "end": {
          "line": 51,
          "column": null
        }
      },
      "9": {
        "start": {
          "line": 19,
          "column": 2
        },
        "end": {
          "line": 42,
          "column": null
        }
      },
      "10": {
        "start": {
          "line": 20,
          "column": 3
        },
        "end": {
          "line": 40,
          "column": null
        }
      },
      "11": {
        "start": {
          "line": 27,
          "column": 4
        },
        "end": {
          "line": 30,
          "column": null
        }
      },
      "12": {
        "start": {
          "line": 31,
          "column": 4
        },
        "end": {
          "line": 34,
          "column": null
        }
      },
      "13": {
        "start": {
          "line": 35,
          "column": 4
        },
        "end": {
          "line": 39,
          "column": null
        }
      },
      "14": {
        "start": {
          "line": 41,
          "column": 3
        },
        "end": {
          "line": 41,
          "column": null
        }
      },
      "15": {
        "start": {
          "line": 43,
          "column": 2
        },
        "end": {
          "line": 50,
          "column": null
        }
      },
      "16": {
        "start": {
          "line": 7,
          "column": 27
        },
        "end": {
          "line": 7,
          "column": null
        }
      },
      "17": {
        "start": {
          "line": 8,
          "column": 45
        },
        "end": {
          "line": 8,
          "column": null
        }
      },
      "18": {
        "start": {
          "line": 10,
          "column": 18
        },
        "end": {
          "line": 10,
          "column": null
        }
      },
      "19": {
        "start": {
          "line": 13,
          "column": 2
        },
        "end": {
          "line": 13,
          "column": null
        }
      }
    },
    "fnMap": {},
    "branchMap": {
      "0": {
        "loc": {
          "start": {
            "line": 46,
            "column": 6
          },
          "end": {
            "line": 46,
            "column": null
          }
        },
        "type": "if",
        "locations": [
          {
            "start": {
              "line": 46,
              "column": 6
            },
            "end": {
              "line": 46,
              "column": null
            }
          }
        ]
      },
      "1": {
        "loc": {
          "start": {
            "line": 46,
            "column": 6
          },
          "end": {
            "line": 46,
            "column": null
          }
        },
        "type": "binary-expr",
        "locations": [
          {
            "start": {
              "line": 46,
              "column": 6
            },
            "end": {
              "line": 46,
              "column": 10
            }
          },
          {
            "start": {
              "line": 46,
              "column": 6
            },
            "end": {
              "line": 46,
              "column": 10
            }
          },
          {
            "start": {
              "line": 46,
              "column": 6
            },
            "end": {
              "line": 46,
              "column": null
            }
          }
        ]
      },
      "2": {
        "loc": {
          "start": {
            "line": 44,
            "column": 8
          },
          "end": {
            "line": 44,
            "column": null
          }
        },
        "type": "binary-expr",
        "locations": [
          {
            "start": {
              "line": 44,
              "column": 8
            },
            "end": {
              "line": 44,
              "column": 17
            }
          },
          {
            "start": {
              "line": 44,
              "column": 12
            },
            "end": {
              "line": 44,
              "column": null
            }
          },
          {
            "start": {
              "line": 44,
              "column": 24
            },
            "end": {
              "line": 44,
              "column": null
            }
          }
        ]
      },
      "3": {
        "loc": {
          "start": {
            "line": 44,
            "column": 8
          },
          "end": {
            "line": 44,
            "column": null
          }
        },
        "type": "binary-expr",
        "locations": [
          {
            "start": {
              "line": 44,
              "column": 8
            },
            "end": {
              "line": 44,
              "column": 17
            }
          },
          {
            "start": {
              "line": 44,
              "column": 12
            },
            "end": {
              "line": 44,
              "column": null
            }
          }
        ]
      },
      "4": {
        "loc": {
          "start": {
            "line": 7,
            "column": 12
          },
          "end": {
            "line": 7,
            "column": 27
          }
        },
        "type": "default-arg",
        "locations": [
          {
            "start": {
              "line": 7,
              "column": 22
            },
            "end": {
              "line": 7,
              "column": 27
            }
          }
        ]
      },
      "5": {
        "loc": {
          "start": {
            "line": 8,
            "column": 12
          },
          "end": {
            "line": 8,
            "column": 45
          }
        },
        "type": "default-arg",
        "locations": [
          {
            "start": {
              "line": 8,
              "column": 41
            },
            "end": {
              "line": 8,
              "column": 45
            }
          }
        ]
      }
    },
    "s": {
      "0": 2,
      "1": 2,
      "2": 2,
      "3": 0,
      "4": 2,
      "5": 6,
      "6": 6,
      "7": 6,
      "8": 6,
      "9": 6,
      "10": 6,
      "11": 6,
      "12": 6,
      "13": 6,
      "14": 6,
      "15": 6,
      "16": 6,
      "17": 6,
      "18": 6,
      "19": 0
    },
    "f": {},
    "b": {
      "0": [
        0
      ],
      "1": [
        0,
        0,
        0
      ],
      "2": [
        6,
        2,
        2
      ],
      "3": [
        0,
        0
      ],
      "4": [
        6
      ],
      "5": [
        1
      ]
    }
  },
  "/home/david/projects/ob3/src/stories/Button.svelte": {
    "path": "/home/david/projects/ob3/src/stories/Button.svelte",
    "statementMap": {
      "0": {
        "start": {
          "line": 42,
          "column": 2
        },
        "end": {
          "line": 42,
          "column": null
        }
      },
      "1": {
        "start": {
          "line": 36,
          "column": 0
        },
        "end": {
          "line": 43,
          "column": null
        }
      },
      "2": {
        "start": {
          "line": 40,
          "column": 11
        },
        "end": {
          "line": 40,
          "column": null
        }
      },
      "3": {
        "start": {
          "line": 7,
          "column": 27
        },
        "end": {
          "line": 7,
          "column": null
        }
      },
      "4": {
        "start": {
          "line": 12,
          "column": 27
        },
        "end": {
          "line": 12,
          "column": null
        }
      },
      "5": {
        "start": {
          "line": 16,
          "column": 27
        },
        "end": {
          "line": 16,
          "column": null
        }
      },
      "6": {
        "start": {
          "line": 20,
          "column": 22
        },
        "end": {
          "line": 20,
          "column": null
        }
      },
      "7": {
        "start": {
          "line": 22,
          "column": 12
        },
        "end": {
          "line": 22,
          "column": 81
        }
      },
      "8": {
        "start": {
          "line": 24,
          "column": 13
        },
        "end": {
          "line": 24,
          "column": 74
        }
      },
      "9": {
        "start": {
          "line": 26,
          "column": 18
        },
        "end": {
          "line": 26,
          "column": null
        }
      },
      "10": {
        "start": {
          "line": 32,
          "column": 2
        },
        "end": {
          "line": 32,
          "column": null
        }
      }
    },
    "fnMap": {},
    "branchMap": {
      "0": {
        "loc": {
          "start": {
            "line": 42,
            "column": 2
          },
          "end": {
            "line": 42,
            "column": null
          }
        },
        "type": "if",
        "locations": [
          {
            "start": {
              "line": 42,
              "column": 2
            },
            "end": {
              "line": 42,
              "column": null
            }
          }
        ]
      },
      "1": {
        "loc": {
          "start": {
            "line": 7,
            "column": 12
          },
          "end": {
            "line": 7,
            "column": 27
          }
        },
        "type": "default-arg",
        "locations": [
          {
            "start": {
              "line": 7,
              "column": 22
            },
            "end": {
              "line": 7,
              "column": 27
            }
          }
        ]
      },
      "2": {
        "loc": {
          "start": {
            "line": 16,
            "column": 12
          },
          "end": {
            "line": 16,
            "column": 27
          }
        },
        "type": "default-arg",
        "locations": [
          {
            "start": {
              "line": 16,
              "column": 19
            },
            "end": {
              "line": 16,
              "column": 27
            }
          }
        ]
      },
      "3": {
        "loc": {
          "start": {
            "line": 20,
            "column": 12
          },
          "end": {
            "line": 20,
            "column": 22
          }
        },
        "type": "default-arg",
        "locations": [
          {
            "start": {
              "line": 20,
              "column": 20
            },
            "end": {
              "line": 20,
              "column": 22
            }
          }
        ]
      },
      "4": {
        "loc": {
          "start": {
            "line": 22,
            "column": 12
          },
          "end": {
            "line": 22,
            "column": 81
          }
        },
        "type": "cond-expr",
        "locations": [
          {
            "start": {
              "line": 22,
              "column": 22
            },
            "end": {
              "line": 22,
              "column": 49
            }
          },
          {
            "start": {
              "line": 22,
              "column": 52
            },
            "end": {
              "line": 22,
              "column": 81
            }
          }
        ]
      },
      "5": {
        "loc": {
          "start": {
            "line": 24,
            "column": 13
          },
          "end": {
            "line": 24,
            "column": 74
          }
        },
        "type": "cond-expr",
        "locations": [
          {
            "start": {
              "line": 24,
              "column": 52
            },
            "end": {
              "line": 24,
              "column": 72
            }
          },
          {
            "start": {
              "line": 24,
              "column": 72
            },
            "end": {
              "line": 24,
              "column": 74
            }
          }
        ]
      }
    },
    "s": {
      "0": 10,
      "1": 10,
      "2": 10,
      "3": 10,
      "4": 10,
      "5": 10,
      "6": 10,
      "7": 10,
      "8": 10,
      "9": 10,
      "10": 0
    },
    "f": {},
    "b": {
      "0": [
        0
      ],
      "1": [
        6
      ],
      "2": [
        7
      ],
      "3": [
        0
      ],
      "4": [
        4,
        6
      ],
      "5": [
        0,
        10
      ]
    }
  },
  "/home/david/projects/ob3/src/store.js": {
    "path": "/home/david/projects/ob3/src/store.js",
    "statementMap": {
      "0": {
        "start": {
          "line": 3,
          "column": 21
        },
        "end": {
          "line": 3,
          "column": 35
        }
      },
      "1": {
        "start": {
          "line": 4,
          "column": 25
        },
        "end": {
          "line": 4,
          "column": 40
        }
      },
      "2": {
        "start": {
          "line": 6,
          "column": 0
        },
        "end": {
          "line": 10,
          "column": 3
        }
      },
      "3": {
        "start": {
          "line": 7,
          "column": 1
        },
        "end": {
          "line": 9,
          "column": 2
        }
      },
      "4": {
        "start": {
          "line": 8,
          "column": 2
        },
        "end": {
          "line": 8,
          "column": 54
        }
      },
      "5": {
        "start": {
          "line": 12,
          "column": 0
        },
        "end": {
          "line": 17,
          "column": 1
        }
      },
      "6": {
        "start": {
          "line": 13,
          "column": 14
        },
        "end": {
          "line": 13,
          "column": 65
        }
      },
      "7": {
        "start": {
          "line": 14,
          "column": 1
        },
        "end": {
          "line": 16,
          "column": 2
        }
      },
      "8": {
        "start": {
          "line": 15,
          "column": 2
        },
        "end": {
          "line": 15,
          "column": 18
        }
      }
    },
    "fnMap": {
      "0": {
        "name": "(anonymous_0)",
        "decl": {
          "start": {
            "line": 6,
            "column": 16
          },
          "end": {
            "line": 6,
            "column": 17
          }
        },
        "loc": {
          "start": {
            "line": 6,
            "column": 26
          },
          "end": {
            "line": 10,
            "column": 1
          }
        }
      }
    },
    "branchMap": {
      "0": {
        "loc": {
          "start": {
            "line": 7,
            "column": 1
          },
          "end": {
            "line": 9,
            "column": 2
          }
        },
        "type": "if",
        "locations": [
          {
            "start": {
              "line": 7,
              "column": 1
            },
            "end": {
              "line": 9,
              "column": 2
            }
          }
        ]
      },
      "1": {
        "loc": {
          "start": {
            "line": 7,
            "column": 5
          },
          "end": {
            "line": 7,
            "column": 48
          }
        },
        "type": "binary-expr",
        "locations": [
          {
            "start": {
              "line": 7,
              "column": 5
            },
            "end": {
              "line": 7,
              "column": 40
            }
          },
          {
            "start": {
              "line": 7,
              "column": 44
            },
            "end": {
              "line": 7,
              "column": 48
            }
          }
        ]
      },
      "2": {
        "loc": {
          "start": {
            "line": 12,
            "column": 0
          },
          "end": {
            "line": 17,
            "column": 1
          }
        },
        "type": "if",
        "locations": [
          {
            "start": {
              "line": 12,
              "column": 0
            },
            "end": {
              "line": 17,
              "column": 1
            }
          }
        ]
      },
      "3": {
        "loc": {
          "start": {
            "line": 13,
            "column": 25
          },
          "end": {
            "line": 13,
            "column": 64
          }
        },
        "type": "binary-expr",
        "locations": [
          {
            "start": {
              "line": 13,
              "column": 25
            },
            "end": {
              "line": 13,
              "column": 54
            }
          },
          {
            "start": {
              "line": 13,
              "column": 58
            },
            "end": {
              "line": 13,
              "column": 64
            }
          }
        ]
      },
      "4": {
        "loc": {
          "start": {
            "line": 14,
            "column": 1
          },
          "end": {
            "line": 16,
            "column": 2
          }
        },
        "type": "if",
        "locations": [
          {
            "start": {
              "line": 14,
              "column": 1
            },
            "end": {
              "line": 16,
              "column": 2
            }
          }
        ]
      }
    },
    "s": {
      "0": 8,
      "1": 8,
      "2": 8,
      "3": 8,
      "4": 0,
      "5": 8,
      "6": 8,
      "7": 8,
      "8": 0
    },
    "f": {
      "0": 8
    },
    "b": {
      "0": [
        0
      ],
      "1": [
        8,
        8
      ],
      "2": [
        8
      ],
      "3": [
        8,
        8
      ],
      "4": [
        0
      ]
    }
  },
  "/home/david/projects/ob3/src/lib/BaseStore.ts": {
    "path": "/home/david/projects/ob3/src/lib/BaseStore.ts",
    "statementMap": {
      "0": {
        "start": {
          "line": 4,
          "column": 1
        },
        "end": {
          "line": 4,
          "column": null
        }
      },
      "1": {
        "start": {
          "line": 5,
          "column": 1
        },
        "end": {
          "line": 5,
          "column": null
        }
      },
      "2": {
        "start": {
          "line": 6,
          "column": 1
        },
        "end": {
          "line": 6,
          "column": null
        }
      },
      "3": {
        "start": {
          "line": 9,
          "column": 2
        },
        "end": {
          "line": 9,
          "column": null
        }
      },
      "4": {
        "start": {
          "line": 13,
          "column": 15
        },
        "end": {
          "line": 13,
          "column": null
        }
      },
      "5": {
        "start": {
          "line": 14,
          "column": 2
        },
        "end": {
          "line": 14,
          "column": null
        }
      },
      "6": {
        "start": {
          "line": 14,
          "column": 61
        },
        "end": {
          "line": 14,
          "column": 75
        }
      },
      "7": {
        "start": {
          "line": 15,
          "column": 2
        },
        "end": {
          "line": 15,
          "column": null
        }
      },
      "8": {
        "start": {
          "line": 19,
          "column": 2
        },
        "end": {
          "line": 19,
          "column": null
        }
      },
      "9": {
        "start": {
          "line": 23,
          "column": 2
        },
        "end": {
          "line": 25,
          "column": null
        }
      },
      "10": {
        "start": {
          "line": 24,
          "column": 3
        },
        "end": {
          "line": 24,
          "column": null
        }
      },
      "11": {
        "start": {
          "line": 26,
          "column": 2
        },
        "end": {
          "line": 26,
          "column": null
        }
      }
    },
    "fnMap": {
      "0": {
        "name": "(anonymous_0)",
        "decl": {
          "start": {
            "line": 2,
            "column": 0
          },
          "end": {
            "line": 2,
            "column": 15
          }
        },
        "loc": {
          "start": {
            "line": 2,
            "column": 0
          },
          "end": {
            "line": 6,
            "column": null
          }
        }
      },
      "1": {
        "name": "(anonymous_1)",
        "decl": {
          "start": {
            "line": 8,
            "column": 1
          },
          "end": {
            "line": 8,
            "column": 11
          }
        },
        "loc": {
          "start": {
            "line": 8,
            "column": 50
          },
          "end": {
            "line": 10,
            "column": null
          }
        }
      },
      "2": {
        "name": "(anonymous_2)",
        "decl": {
          "start": {
            "line": 12,
            "column": 1
          },
          "end": {
            "line": 12,
            "column": 7
          }
        },
        "loc": {
          "start": {
            "line": 12,
            "column": 31
          },
          "end": {
            "line": 16,
            "column": null
          }
        }
      },
      "3": {
        "name": "(anonymous_3)",
        "decl": {
          "start": {
            "line": 14,
            "column": 25
          },
          "end": {
            "line": 14,
            "column": 26
          }
        },
        "loc": {
          "start": {
            "line": 14,
            "column": 61
          },
          "end": {
            "line": 14,
            "column": 75
          }
        }
      },
      "4": {
        "name": "(anonymous_4)",
        "decl": {
          "start": {
            "line": 18,
            "column": 1
          },
          "end": {
            "line": 18,
            "column": 9
          }
        },
        "loc": {
          "start": {
            "line": 18,
            "column": 69
          },
          "end": {
            "line": 20,
            "column": null
          }
        }
      },
      "5": {
        "name": "(anonymous_5)",
        "decl": {
          "start": {
            "line": 22,
            "column": 1
          },
          "end": {
            "line": 22,
            "column": 7
          }
        },
        "loc": {
          "start": {
            "line": 22,
            "column": 44
          },
          "end": {
            "line": 27,
            "column": null
          }
        }
      }
    },
    "branchMap": {
      "0": {
        "loc": {
          "start": {
            "line": 23,
            "column": 2
          },
          "end": {
            "line": 25,
            "column": null
          }
        },
        "type": "if",
        "locations": [
          {
            "start": {
              "line": 23,
              "column": 2
            },
            "end": {
              "line": 25,
              "column": null
            }
          }
        ]
      }
    },
    "s": {
      "0": 18,
      "1": 18,
      "2": 18,
      "3": 11,
      "4": 0,
      "5": 0,
      "6": 0,
      "7": 0,
      "8": 4,
      "9": 0,
      "10": 0,
      "11": 0
    },
    "f": {
      "0": 18,
      "1": 11,
      "2": 0,
      "3": 0,
      "4": 4,
      "5": 0
    },
    "b": {
      "0": [
        0
      ]
    }
  },
  "/home/david/projects/ob3/src/lib/ApiStore.ts": {
    "path": "/home/david/projects/ob3/src/lib/ApiStore.ts",
    "statementMap": {
      "0": {
        "start": {
          "line": 5,
          "column": 21
        },
        "end": {
          "line": 5,
          "column": null
        }
      },
      "1": {
        "start": {
          "line": 7,
          "column": 14
        },
        "end": {
          "line": 10,
          "column": null
        }
      },
      "2": {
        "start": {
          "line": 11,
          "column": 0
        },
        "end": {
          "line": 18,
          "column": null
        }
      },
      "3": {
        "start": {
          "line": 12,
          "column": 1
        },
        "end": {
          "line": 17,
          "column": null
        }
      },
      "4": {
        "start": {
          "line": 13,
          "column": 2
        },
        "end": {
          "line": 16,
          "column": null
        }
      },
      "5": {
        "start": {
          "line": 29,
          "column": 2
        },
        "end": {
          "line": 29,
          "column": null
        }
      },
      "6": {
        "start": {
          "line": 27,
          "column": 9
        },
        "end": {
          "line": 27,
          "column": null
        }
      },
      "7": {
        "start": {
          "line": 21,
          "column": 1
        },
        "end": {
          "line": 21,
          "column": null
        }
      },
      "8": {
        "start": {
          "line": 23,
          "column": 1
        },
        "end": {
          "line": 23,
          "column": null
        }
      },
      "9": {
        "start": {
          "line": 24,
          "column": 1
        },
        "end": {
          "line": 24,
          "column": null
        }
      },
      "10": {
        "start": {
          "line": 32,
          "column": 14
        },
        "end": {
          "line": 32,
          "column": null
        }
      },
      "11": {
        "start": {
          "line": 33,
          "column": 13
        },
        "end": {
          "line": 33,
          "column": null
        }
      },
      "12": {
        "start": {
          "line": 34,
          "column": 2
        },
        "end": {
          "line": 38,
          "column": null
        }
      },
      "13": {
        "start": {
          "line": 35,
          "column": 3
        },
        "end": {
          "line": 35,
          "column": null
        }
      },
      "14": {
        "start": {
          "line": 37,
          "column": 3
        },
        "end": {
          "line": 37,
          "column": null
        }
      },
      "15": {
        "start": {
          "line": 39,
          "column": 19
        },
        "end": {
          "line": 43,
          "column": null
        }
      },
      "16": {
        "start": {
          "line": 44,
          "column": 2
        },
        "end": {
          "line": 47,
          "column": null
        }
      },
      "17": {
        "start": {
          "line": 45,
          "column": 16
        },
        "end": {
          "line": 45,
          "column": null
        }
      },
      "18": {
        "start": {
          "line": 46,
          "column": 3
        },
        "end": {
          "line": 46,
          "column": null
        }
      },
      "19": {
        "start": {
          "line": 48,
          "column": 15
        },
        "end": {
          "line": 48,
          "column": null
        }
      },
      "20": {
        "start": {
          "line": 49,
          "column": 2
        },
        "end": {
          "line": 51,
          "column": null
        }
      },
      "21": {
        "start": {
          "line": 50,
          "column": 3
        },
        "end": {
          "line": 50,
          "column": null
        }
      },
      "22": {
        "start": {
          "line": 52,
          "column": 2
        },
        "end": {
          "line": 52,
          "column": null
        }
      },
      "23": {
        "start": {
          "line": 55,
          "column": 14
        },
        "end": {
          "line": 55,
          "column": null
        }
      },
      "24": {
        "start": {
          "line": 56,
          "column": 13
        },
        "end": {
          "line": 56,
          "column": null
        }
      },
      "25": {
        "start": {
          "line": 57,
          "column": 2
        },
        "end": {
          "line": 61,
          "column": null
        }
      },
      "26": {
        "start": {
          "line": 58,
          "column": 3
        },
        "end": {
          "line": 58,
          "column": null
        }
      },
      "27": {
        "start": {
          "line": 60,
          "column": 3
        },
        "end": {
          "line": 60,
          "column": null
        }
      },
      "28": {
        "start": {
          "line": 62,
          "column": 19
        },
        "end": {
          "line": 66,
          "column": null
        }
      },
      "29": {
        "start": {
          "line": 67,
          "column": 2
        },
        "end": {
          "line": 70,
          "column": null
        }
      },
      "30": {
        "start": {
          "line": 68,
          "column": 16
        },
        "end": {
          "line": 68,
          "column": null
        }
      },
      "31": {
        "start": {
          "line": 69,
          "column": 3
        },
        "end": {
          "line": 69,
          "column": null
        }
      },
      "32": {
        "start": {
          "line": 71,
          "column": 15
        },
        "end": {
          "line": 71,
          "column": null
        }
      },
      "33": {
        "start": {
          "line": 72,
          "column": 2
        },
        "end": {
          "line": 74,
          "column": null
        }
      },
      "34": {
        "start": {
          "line": 73,
          "column": 3
        },
        "end": {
          "line": 73,
          "column": null
        }
      },
      "35": {
        "start": {
          "line": 75,
          "column": 2
        },
        "end": {
          "line": 75,
          "column": null
        }
      },
      "36": {
        "start": {
          "line": 78,
          "column": 14
        },
        "end": {
          "line": 78,
          "column": null
        }
      },
      "37": {
        "start": {
          "line": 79,
          "column": 17
        },
        "end": {
          "line": 79,
          "column": null
        }
      },
      "38": {
        "start": {
          "line": 80,
          "column": 2
        },
        "end": {
          "line": 80,
          "column": null
        }
      },
      "39": {
        "start": {
          "line": 81,
          "column": 2
        },
        "end": {
          "line": 83,
          "column": null
        }
      },
      "40": {
        "start": {
          "line": 82,
          "column": 3
        },
        "end": {
          "line": 82,
          "column": null
        }
      },
      "41": {
        "start": {
          "line": 84,
          "column": 2
        },
        "end": {
          "line": 103,
          "column": null
        }
      },
      "42": {
        "start": {
          "line": 85,
          "column": 3
        },
        "end": {
          "line": 102,
          "column": null
        }
      },
      "43": {
        "start": {
          "line": 86,
          "column": 16
        },
        "end": {
          "line": 86,
          "column": null
        }
      },
      "44": {
        "start": {
          "line": 87,
          "column": 4
        },
        "end": {
          "line": 90,
          "column": null
        }
      },
      "45": {
        "start": {
          "line": 89,
          "column": 5
        },
        "end": {
          "line": 89,
          "column": null
        }
      },
      "46": {
        "start": {
          "line": 91,
          "column": 4
        },
        "end": {
          "line": 101,
          "column": null
        }
      },
      "47": {
        "start": {
          "line": 93,
          "column": 5
        },
        "end": {
          "line": 93,
          "column": null
        }
      },
      "48": {
        "start": {
          "line": 93,
          "column": 38
        },
        "end": {
          "line": 93,
          "column": 80
        }
      },
      "49": {
        "start": {
          "line": 94,
          "column": 4
        },
        "end": {
          "line": 101,
          "column": null
        }
      },
      "50": {
        "start": {
          "line": 96,
          "column": 5
        },
        "end": {
          "line": 98,
          "column": null
        }
      },
      "51": {
        "start": {
          "line": 97,
          "column": 6
        },
        "end": {
          "line": 97,
          "column": null
        }
      },
      "52": {
        "start": {
          "line": 99,
          "column": 4
        },
        "end": {
          "line": 101,
          "column": null
        }
      },
      "53": {
        "start": {
          "line": 100,
          "column": 5
        },
        "end": {
          "line": 100,
          "column": null
        }
      },
      "54": {
        "start": {
          "line": 104,
          "column": 19
        },
        "end": {
          "line": 104,
          "column": null
        }
      },
      "55": {
        "start": {
          "line": 105,
          "column": 2
        },
        "end": {
          "line": 108,
          "column": null
        }
      },
      "56": {
        "start": {
          "line": 106,
          "column": 16
        },
        "end": {
          "line": 106,
          "column": null
        }
      },
      "57": {
        "start": {
          "line": 107,
          "column": 3
        },
        "end": {
          "line": 107,
          "column": null
        }
      },
      "58": {
        "start": {
          "line": 109,
          "column": 24
        },
        "end": {
          "line": 109,
          "column": null
        }
      },
      "59": {
        "start": {
          "line": 110,
          "column": 2
        },
        "end": {
          "line": 113,
          "column": null
        }
      },
      "60": {
        "start": {
          "line": 111,
          "column": 3
        },
        "end": {
          "line": 111,
          "column": null
        }
      },
      "61": {
        "start": {
          "line": 112,
          "column": 3
        },
        "end": {
          "line": 112,
          "column": null
        }
      },
      "62": {
        "start": {
          "line": 114,
          "column": 2
        },
        "end": {
          "line": 114,
          "column": null
        }
      },
      "63": {
        "start": {
          "line": 117,
          "column": 14
        },
        "end": {
          "line": 117,
          "column": null
        }
      },
      "64": {
        "start": {
          "line": 118,
          "column": 2
        },
        "end": {
          "line": 135,
          "column": null
        }
      },
      "65": {
        "start": {
          "line": 119,
          "column": 3
        },
        "end": {
          "line": 134,
          "column": null
        }
      },
      "66": {
        "start": {
          "line": 120,
          "column": 4
        },
        "end": {
          "line": 133,
          "column": null
        }
      },
      "67": {
        "start": {
          "line": 122,
          "column": 5
        },
        "end": {
          "line": 122,
          "column": null
        }
      },
      "68": {
        "start": {
          "line": 122,
          "column": 44
        },
        "end": {
          "line": 122,
          "column": 86
        }
      },
      "69": {
        "start": {
          "line": 123,
          "column": 4
        },
        "end": {
          "line": 133,
          "column": null
        }
      },
      "70": {
        "start": {
          "line": 125,
          "column": 5
        },
        "end": {
          "line": 125,
          "column": null
        }
      },
      "71": {
        "start": {
          "line": 126,
          "column": 4
        },
        "end": {
          "line": 133,
          "column": null
        }
      },
      "72": {
        "start": {
          "line": 128,
          "column": 5
        },
        "end": {
          "line": 130,
          "column": null
        }
      },
      "73": {
        "start": {
          "line": 129,
          "column": 6
        },
        "end": {
          "line": 129,
          "column": null
        }
      },
      "74": {
        "start": {
          "line": 131,
          "column": 4
        },
        "end": {
          "line": 133,
          "column": null
        }
      },
      "75": {
        "start": {
          "line": 132,
          "column": 5
        },
        "end": {
          "line": 132,
          "column": null
        }
      },
      "76": {
        "start": {
          "line": 136,
          "column": 19
        },
        "end": {
          "line": 136,
          "column": null
        }
      },
      "77": {
        "start": {
          "line": 137,
          "column": 2
        },
        "end": {
          "line": 140,
          "column": null
        }
      },
      "78": {
        "start": {
          "line": 138,
          "column": 16
        },
        "end": {
          "line": 138,
          "column": null
        }
      },
      "79": {
        "start": {
          "line": 138,
          "column": 51
        },
        "end": {
          "line": 138,
          "column": 82
        }
      },
      "80": {
        "start": {
          "line": 139,
          "column": 3
        },
        "end": {
          "line": 139,
          "column": null
        }
      },
      "81": {
        "start": {
          "line": 141,
          "column": 15
        },
        "end": {
          "line": 141,
          "column": null
        }
      },
      "82": {
        "start": {
          "line": 142,
          "column": 2
        },
        "end": {
          "line": 144,
          "column": null
        }
      },
      "83": {
        "start": {
          "line": 143,
          "column": 3
        },
        "end": {
          "line": 143,
          "column": null
        }
      },
      "84": {
        "start": {
          "line": 145,
          "column": 2
        },
        "end": {
          "line": 145,
          "column": null
        }
      },
      "85": {
        "start": {
          "line": 148,
          "column": 14
        },
        "end": {
          "line": 148,
          "column": null
        }
      },
      "86": {
        "start": {
          "line": 149,
          "column": 19
        },
        "end": {
          "line": 149,
          "column": null
        }
      },
      "87": {
        "start": {
          "line": 150,
          "column": 2
        },
        "end": {
          "line": 150,
          "column": null
        }
      },
      "88": {
        "start": {
          "line": 153,
          "column": 2
        },
        "end": {
          "line": 153,
          "column": null
        }
      },
      "89": {
        "start": {
          "line": 154,
          "column": 2
        },
        "end": {
          "line": 154,
          "column": null
        }
      },
      "90": {
        "start": {
          "line": 157,
          "column": 2
        },
        "end": {
          "line": 157,
          "column": null
        }
      },
      "91": {
        "start": {
          "line": 160,
          "column": 2
        },
        "end": {
          "line": 160,
          "column": null
        }
      },
      "92": {
        "start": {
          "line": 161,
          "column": 2
        },
        "end": {
          "line": 161,
          "column": null
        }
      },
      "93": {
        "start": {
          "line": 164,
          "column": 2
        },
        "end": {
          "line": 164,
          "column": null
        }
      },
      "94": {
        "start": {
          "line": 167,
          "column": 2
        },
        "end": {
          "line": 167,
          "column": null
        }
      },
      "95": {
        "start": {
          "line": 176,
          "column": 1
        },
        "end": {
          "line": 178,
          "column": null
        }
      },
      "96": {
        "start": {
          "line": 177,
          "column": 33
        },
        "end": {
          "line": 177,
          "column": 78
        }
      },
      "97": {
        "start": {
          "line": 182,
          "column": 1
        },
        "end": {
          "line": 182,
          "column": null
        }
      },
      "98": {
        "start": {
          "line": 186,
          "column": 1
        },
        "end": {
          "line": 186,
          "column": null
        }
      }
    },
    "fnMap": {
      "0": {
        "name": "(anonymous_0)",
        "decl": {
          "start": {
            "line": 11,
            "column": 16
          },
          "end": {
            "line": 11,
            "column": 17
          }
        },
        "loc": {
          "start": {
            "line": 11,
            "column": 88
          },
          "end": {
            "line": 18,
            "column": 1
          }
        }
      },
      "1": {
        "name": "(anonymous_1)",
        "decl": {
          "start": {
            "line": 26,
            "column": 1
          },
          "end": {
            "line": 26,
            "column": null
          }
        },
        "loc": {
          "start": {
            "line": 28,
            "column": 3
          },
          "end": {
            "line": 30,
            "column": null
          }
        }
      },
      "2": {
        "name": "(anonymous_2)",
        "decl": {
          "start": {
            "line": 31,
            "column": 1
          },
          "end": {
            "line": 31,
            "column": 7
          }
        },
        "loc": {
          "start": {
            "line": 31,
            "column": 41
          },
          "end": {
            "line": 53,
            "column": null
          }
        }
      },
      "3": {
        "name": "(anonymous_3)",
        "decl": {
          "start": {
            "line": 54,
            "column": 1
          },
          "end": {
            "line": 54,
            "column": 7
          }
        },
        "loc": {
          "start": {
            "line": 54,
            "column": 62
          },
          "end": {
            "line": 76,
            "column": null
          }
        }
      },
      "4": {
        "name": "(anonymous_4)",
        "decl": {
          "start": {
            "line": 77,
            "column": 1
          },
          "end": {
            "line": 77,
            "column": 7
          }
        },
        "loc": {
          "start": {
            "line": 77,
            "column": 44
          },
          "end": {
            "line": 115,
            "column": null
          }
        }
      },
      "5": {
        "name": "(anonymous_5)",
        "decl": {
          "start": {
            "line": 85,
            "column": 31
          },
          "end": {
            "line": 85,
            "column": 32
          }
        },
        "loc": {
          "start": {
            "line": 85,
            "column": 40
          },
          "end": {
            "line": 102,
            "column": 4
          }
        }
      },
      "6": {
        "name": "(anonymous_6)",
        "decl": {
          "start": {
            "line": 93,
            "column": 19
          },
          "end": {
            "line": 93,
            "column": 20
          }
        },
        "loc": {
          "start": {
            "line": 93,
            "column": 38
          },
          "end": {
            "line": 93,
            "column": 80
          }
        }
      },
      "7": {
        "name": "(anonymous_7)",
        "decl": {
          "start": {
            "line": 96,
            "column": 32
          },
          "end": {
            "line": 96,
            "column": 33
          }
        },
        "loc": {
          "start": {
            "line": 97,
            "column": 6
          },
          "end": {
            "line": 97,
            "column": null
          }
        }
      },
      "8": {
        "name": "(anonymous_8)",
        "decl": {
          "start": {
            "line": 116,
            "column": 1
          },
          "end": {
            "line": 116,
            "column": 7
          }
        },
        "loc": {
          "start": {
            "line": 116,
            "column": 70
          },
          "end": {
            "line": 146,
            "column": null
          }
        }
      },
      "9": {
        "name": "(anonymous_9)",
        "decl": {
          "start": {
            "line": 119,
            "column": 31
          },
          "end": {
            "line": 119,
            "column": 32
          }
        },
        "loc": {
          "start": {
            "line": 119,
            "column": 40
          },
          "end": {
            "line": 134,
            "column": 4
          }
        }
      },
      "10": {
        "name": "(anonymous_10)",
        "decl": {
          "start": {
            "line": 122,
            "column": 25
          },
          "end": {
            "line": 122,
            "column": 26
          }
        },
        "loc": {
          "start": {
            "line": 122,
            "column": 44
          },
          "end": {
            "line": 122,
            "column": 86
          }
        }
      },
      "11": {
        "name": "(anonymous_11)",
        "decl": {
          "start": {
            "line": 128,
            "column": 38
          },
          "end": {
            "line": 128,
            "column": 39
          }
        },
        "loc": {
          "start": {
            "line": 129,
            "column": 6
          },
          "end": {
            "line": 129,
            "column": null
          }
        }
      },
      "12": {
        "name": "(anonymous_12)",
        "decl": {
          "start": {
            "line": 138,
            "column": 44
          },
          "end": {
            "line": 138,
            "column": 51
          }
        },
        "loc": {
          "start": {
            "line": 138,
            "column": 51
          },
          "end": {
            "line": 138,
            "column": 82
          }
        }
      },
      "13": {
        "name": "(anonymous_13)",
        "decl": {
          "start": {
            "line": 147,
            "column": 1
          },
          "end": {
            "line": 147,
            "column": 7
          }
        },
        "loc": {
          "start": {
            "line": 147,
            "column": 49
          },
          "end": {
            "line": 151,
            "column": null
          }
        }
      },
      "14": {
        "name": "(anonymous_14)",
        "decl": {
          "start": {
            "line": 152,
            "column": 1
          },
          "end": {
            "line": 152,
            "column": 7
          }
        },
        "loc": {
          "start": {
            "line": 152,
            "column": 37
          },
          "end": {
            "line": 155,
            "column": null
          }
        }
      },
      "15": {
        "name": "(anonymous_15)",
        "decl": {
          "start": {
            "line": 156,
            "column": 1
          },
          "end": {
            "line": 156,
            "column": 7
          }
        },
        "loc": {
          "start": {
            "line": 156,
            "column": 33
          },
          "end": {
            "line": 158,
            "column": null
          }
        }
      },
      "16": {
        "name": "(anonymous_16)",
        "decl": {
          "start": {
            "line": 159,
            "column": 1
          },
          "end": {
            "line": 159,
            "column": 7
          }
        },
        "loc": {
          "start": {
            "line": 159,
            "column": 82
          },
          "end": {
            "line": 162,
            "column": null
          }
        }
      },
      "17": {
        "name": "(anonymous_17)",
        "decl": {
          "start": {
            "line": 163,
            "column": 1
          },
          "end": {
            "line": 163,
            "column": 9
          }
        },
        "loc": {
          "start": {
            "line": 163,
            "column": 69
          },
          "end": {
            "line": 165,
            "column": null
          }
        }
      },
      "18": {
        "name": "(anonymous_18)",
        "decl": {
          "start": {
            "line": 166,
            "column": 1
          },
          "end": {
            "line": 166,
            "column": 11
          }
        },
        "loc": {
          "start": {
            "line": 166,
            "column": 11
          },
          "end": {
            "line": 168,
            "column": null
          }
        }
      },
      "19": {
        "name": "JSONApiSortHandler",
        "decl": {
          "start": {
            "line": 173,
            "column": 16
          },
          "end": {
            "line": 173,
            "column": 35
          }
        },
        "loc": {
          "start": {
            "line": 175,
            "column": 11
          },
          "end": {
            "line": 179,
            "column": null
          }
        }
      },
      "20": {
        "name": "(anonymous_20)",
        "decl": {
          "start": {
            "line": 177,
            "column": 7
          },
          "end": {
            "line": 177,
            "column": 8
          }
        },
        "loc": {
          "start": {
            "line": 177,
            "column": 33
          },
          "end": {
            "line": 177,
            "column": 78
          }
        }
      },
      "21": {
        "name": "JSONApiPageHandler",
        "decl": {
          "start": {
            "line": 181,
            "column": 16
          },
          "end": {
            "line": 181,
            "column": 35
          }
        },
        "loc": {
          "start": {
            "line": 181,
            "column": 84
          },
          "end": {
            "line": 183,
            "column": null
          }
        }
      },
      "22": {
        "name": "JSONApiPerPageHandler",
        "decl": {
          "start": {
            "line": 185,
            "column": 16
          },
          "end": {
            "line": 185,
            "column": 38
          }
        },
        "loc": {
          "start": {
            "line": 185,
            "column": 71
          },
          "end": {
            "line": 187,
            "column": null
          }
        }
      }
    },
    "branchMap": {
      "0": {
        "loc": {
          "start": {
            "line": 12,
            "column": 1
          },
          "end": {
            "line": 17,
            "column": null
          }
        },
        "type": "if",
        "locations": [
          {
            "start": {
              "line": 12,
              "column": 1
            },
            "end": {
              "line": 17,
              "column": null
            }
          }
        ]
      },
      "1": {
        "loc": {
          "start": {
            "line": 34,
            "column": 2
          },
          "end": {
            "line": 38,
            "column": null
          }
        },
        "type": "if",
        "locations": [
          {
            "start": {
              "line": 34,
              "column": 2
            },
            "end": {
              "line": 38,
              "column": null
            }
          },
          {
            "start": {
              "line": 36,
              "column": 9
            },
            "end": {
              "line": 38,
              "column": null
            }
          }
        ]
      },
      "2": {
        "loc": {
          "start": {
            "line": 44,
            "column": 2
          },
          "end": {
            "line": 47,
            "column": null
          }
        },
        "type": "if",
        "locations": [
          {
            "start": {
              "line": 44,
              "column": 2
            },
            "end": {
              "line": 47,
              "column": null
            }
          }
        ]
      },
      "3": {
        "loc": {
          "start": {
            "line": 44,
            "column": 8
          },
          "end": {
            "line": 44,
            "column": 58
          }
        },
        "type": "binary-expr",
        "locations": [
          {
            "start": {
              "line": 44,
              "column": 8
            },
            "end": {
              "line": 44,
              "column": 34
            }
          },
          {
            "start": {
              "line": 44,
              "column": 34
            },
            "end": {
              "line": 44,
              "column": 58
            }
          }
        ]
      },
      "4": {
        "loc": {
          "start": {
            "line": 46,
            "column": 19
          },
          "end": {
            "line": 46,
            "column": 52
          }
        },
        "type": "binary-expr",
        "locations": [
          {
            "start": {
              "line": 46,
              "column": 19
            },
            "end": {
              "line": 46,
              "column": 33
            }
          },
          {
            "start": {
              "line": 46,
              "column": 33
            },
            "end": {
              "line": 46,
              "column": 52
            }
          }
        ]
      },
      "5": {
        "loc": {
          "start": {
            "line": 49,
            "column": 2
          },
          "end": {
            "line": 51,
            "column": null
          }
        },
        "type": "if",
        "locations": [
          {
            "start": {
              "line": 49,
              "column": 2
            },
            "end": {
              "line": 51,
              "column": null
            }
          }
        ]
      },
      "6": {
        "loc": {
          "start": {
            "line": 57,
            "column": 2
          },
          "end": {
            "line": 61,
            "column": null
          }
        },
        "type": "if",
        "locations": [
          {
            "start": {
              "line": 57,
              "column": 2
            },
            "end": {
              "line": 61,
              "column": null
            }
          },
          {
            "start": {
              "line": 59,
              "column": 9
            },
            "end": {
              "line": 61,
              "column": null
            }
          }
        ]
      },
      "7": {
        "loc": {
          "start": {
            "line": 67,
            "column": 2
          },
          "end": {
            "line": 70,
            "column": null
          }
        },
        "type": "if",
        "locations": [
          {
            "start": {
              "line": 67,
              "column": 2
            },
            "end": {
              "line": 70,
              "column": null
            }
          }
        ]
      },
      "8": {
        "loc": {
          "start": {
            "line": 67,
            "column": 8
          },
          "end": {
            "line": 67,
            "column": 58
          }
        },
        "type": "binary-expr",
        "locations": [
          {
            "start": {
              "line": 67,
              "column": 8
            },
            "end": {
              "line": 67,
              "column": 34
            }
          },
          {
            "start": {
              "line": 67,
              "column": 34
            },
            "end": {
              "line": 67,
              "column": 58
            }
          }
        ]
      },
      "9": {
        "loc": {
          "start": {
            "line": 69,
            "column": 19
          },
          "end": {
            "line": 69,
            "column": 52
          }
        },
        "type": "binary-expr",
        "locations": [
          {
            "start": {
              "line": 69,
              "column": 19
            },
            "end": {
              "line": 69,
              "column": 33
            }
          },
          {
            "start": {
              "line": 69,
              "column": 33
            },
            "end": {
              "line": 69,
              "column": 52
            }
          }
        ]
      },
      "10": {
        "loc": {
          "start": {
            "line": 72,
            "column": 2
          },
          "end": {
            "line": 74,
            "column": null
          }
        },
        "type": "if",
        "locations": [
          {
            "start": {
              "line": 72,
              "column": 2
            },
            "end": {
              "line": 74,
              "column": null
            }
          }
        ]
      },
      "11": {
        "loc": {
          "start": {
            "line": 80,
            "column": 15
          },
          "end": {
            "line": 80,
            "column": null
          }
        },
        "type": "cond-expr",
        "locations": [
          {
            "start": {
              "line": 80,
              "column": 49
            },
            "end": {
              "line": 80,
              "column": 62
            }
          },
          {
            "start": {
              "line": 80,
              "column": 62
            },
            "end": {
              "line": 80,
              "column": null
            }
          }
        ]
      },
      "12": {
        "loc": {
          "start": {
            "line": 81,
            "column": 2
          },
          "end": {
            "line": 83,
            "column": null
          }
        },
        "type": "if",
        "locations": [
          {
            "start": {
              "line": 81,
              "column": 2
            },
            "end": {
              "line": 83,
              "column": null
            }
          }
        ]
      },
      "13": {
        "loc": {
          "start": {
            "line": 84,
            "column": 2
          },
          "end": {
            "line": 103,
            "column": null
          }
        },
        "type": "if",
        "locations": [
          {
            "start": {
              "line": 84,
              "column": 2
            },
            "end": {
              "line": 103,
              "column": null
            }
          }
        ]
      },
      "14": {
        "loc": {
          "start": {
            "line": 87,
            "column": 4
          },
          "end": {
            "line": 90,
            "column": null
          }
        },
        "type": "if",
        "locations": [
          {
            "start": {
              "line": 87,
              "column": 4
            },
            "end": {
              "line": 90,
              "column": null
            }
          }
        ]
      },
      "15": {
        "loc": {
          "start": {
            "line": 91,
            "column": 4
          },
          "end": {
            "line": 101,
            "column": null
          }
        },
        "type": "if",
        "locations": [
          {
            "start": {
              "line": 91,
              "column": 4
            },
            "end": {
              "line": 101,
              "column": null
            }
          },
          {
            "start": {
              "line": 94,
              "column": 4
            },
            "end": {
              "line": 101,
              "column": null
            }
          }
        ]
      },
      "16": {
        "loc": {
          "start": {
            "line": 94,
            "column": 4
          },
          "end": {
            "line": 101,
            "column": null
          }
        },
        "type": "if",
        "locations": [
          {
            "start": {
              "line": 94,
              "column": 4
            },
            "end": {
              "line": 101,
              "column": null
            }
          },
          {
            "start": {
              "line": 99,
              "column": 4
            },
            "end": {
              "line": 101,
              "column": null
            }
          }
        ]
      },
      "17": {
        "loc": {
          "start": {
            "line": 99,
            "column": 4
          },
          "end": {
            "line": 101,
            "column": null
          }
        },
        "type": "if",
        "locations": [
          {
            "start": {
              "line": 99,
              "column": 4
            },
            "end": {
              "line": 101,
              "column": null
            }
          }
        ]
      },
      "18": {
        "loc": {
          "start": {
            "line": 105,
            "column": 2
          },
          "end": {
            "line": 108,
            "column": null
          }
        },
        "type": "if",
        "locations": [
          {
            "start": {
              "line": 105,
              "column": 2
            },
            "end": {
              "line": 108,
              "column": null
            }
          }
        ]
      },
      "19": {
        "loc": {
          "start": {
            "line": 105,
            "column": 8
          },
          "end": {
            "line": 105,
            "column": 58
          }
        },
        "type": "binary-expr",
        "locations": [
          {
            "start": {
              "line": 105,
              "column": 8
            },
            "end": {
              "line": 105,
              "column": 34
            }
          },
          {
            "start": {
              "line": 105,
              "column": 34
            },
            "end": {
              "line": 105,
              "column": 58
            }
          }
        ]
      },
      "20": {
        "loc": {
          "start": {
            "line": 107,
            "column": 19
          },
          "end": {
            "line": 107,
            "column": 52
          }
        },
        "type": "binary-expr",
        "locations": [
          {
            "start": {
              "line": 107,
              "column": 19
            },
            "end": {
              "line": 107,
              "column": 33
            }
          },
          {
            "start": {
              "line": 107,
              "column": 33
            },
            "end": {
              "line": 107,
              "column": 52
            }
          }
        ]
      },
      "21": {
        "loc": {
          "start": {
            "line": 110,
            "column": 2
          },
          "end": {
            "line": 113,
            "column": null
          }
        },
        "type": "if",
        "locations": [
          {
            "start": {
              "line": 110,
              "column": 2
            },
            "end": {
              "line": 113,
              "column": null
            }
          }
        ]
      },
      "22": {
        "loc": {
          "start": {
            "line": 118,
            "column": 2
          },
          "end": {
            "line": 135,
            "column": null
          }
        },
        "type": "if",
        "locations": [
          {
            "start": {
              "line": 118,
              "column": 2
            },
            "end": {
              "line": 135,
              "column": null
            }
          }
        ]
      },
      "23": {
        "loc": {
          "start": {
            "line": 120,
            "column": 4
          },
          "end": {
            "line": 133,
            "column": null
          }
        },
        "type": "if",
        "locations": [
          {
            "start": {
              "line": 120,
              "column": 4
            },
            "end": {
              "line": 133,
              "column": null
            }
          },
          {
            "start": {
              "line": 123,
              "column": 4
            },
            "end": {
              "line": 133,
              "column": null
            }
          }
        ]
      },
      "24": {
        "loc": {
          "start": {
            "line": 123,
            "column": 4
          },
          "end": {
            "line": 133,
            "column": null
          }
        },
        "type": "if",
        "locations": [
          {
            "start": {
              "line": 123,
              "column": 4
            },
            "end": {
              "line": 133,
              "column": null
            }
          },
          {
            "start": {
              "line": 126,
              "column": 4
            },
            "end": {
              "line": 133,
              "column": null
            }
          }
        ]
      },
      "25": {
        "loc": {
          "start": {
            "line": 126,
            "column": 4
          },
          "end": {
            "line": 133,
            "column": null
          }
        },
        "type": "if",
        "locations": [
          {
            "start": {
              "line": 126,
              "column": 4
            },
            "end": {
              "line": 133,
              "column": null
            }
          },
          {
            "start": {
              "line": 131,
              "column": 4
            },
            "end": {
              "line": 133,
              "column": null
            }
          }
        ]
      },
      "26": {
        "loc": {
          "start": {
            "line": 131,
            "column": 4
          },
          "end": {
            "line": 133,
            "column": null
          }
        },
        "type": "if",
        "locations": [
          {
            "start": {
              "line": 131,
              "column": 4
            },
            "end": {
              "line": 133,
              "column": null
            }
          }
        ]
      },
      "27": {
        "loc": {
          "start": {
            "line": 137,
            "column": 2
          },
          "end": {
            "line": 140,
            "column": null
          }
        },
        "type": "if",
        "locations": [
          {
            "start": {
              "line": 137,
              "column": 2
            },
            "end": {
              "line": 140,
              "column": null
            }
          }
        ]
      },
      "28": {
        "loc": {
          "start": {
            "line": 137,
            "column": 8
          },
          "end": {
            "line": 137,
            "column": 58
          }
        },
        "type": "binary-expr",
        "locations": [
          {
            "start": {
              "line": 137,
              "column": 8
            },
            "end": {
              "line": 137,
              "column": 34
            }
          },
          {
            "start": {
              "line": 137,
              "column": 34
            },
            "end": {
              "line": 137,
              "column": 58
            }
          }
        ]
      },
      "29": {
        "loc": {
          "start": {
            "line": 142,
            "column": 2
          },
          "end": {
            "line": 144,
            "column": null
          }
        },
        "type": "if",
        "locations": [
          {
            "start": {
              "line": 142,
              "column": 2
            },
            "end": {
              "line": 144,
              "column": null
            }
          }
        ]
      },
      "30": {
        "loc": {
          "start": {
            "line": 177,
            "column": 36
          },
          "end": {
            "line": 177,
            "column": 71
          }
        },
        "type": "cond-expr",
        "locations": [
          {
            "start": {
              "line": 177,
              "column": 59
            },
            "end": {
              "line": 177,
              "column": 65
            }
          },
          {
            "start": {
              "line": 177,
              "column": 65
            },
            "end": {
              "line": 177,
              "column": 71
            }
          }
        ]
      }
    },
    "s": {
      "0": 8,
      "1": 8,
      "2": 8,
      "3": 8,
      "4": 0,
      "5": 14,
      "6": 14,
      "7": 14,
      "8": 14,
      "9": 14,
      "10": 0,
      "11": 0,
      "12": 0,
      "13": 0,
      "14": 0,
      "15": 0,
      "16": 0,
      "17": 0,
      "18": 0,
      "19": 0,
      "20": 0,
      "21": 0,
      "22": 0,
      "23": 0,
      "24": 0,
      "25": 0,
      "26": 0,
      "27": 0,
      "28": 0,
      "29": 0,
      "30": 0,
      "31": 0,
      "32": 0,
      "33": 0,
      "34": 0,
      "35": 0,
      "36": 15,
      "37": 15,
      "38": 15,
      "39": 15,
      "40": 14,
      "41": 15,
      "42": 9,
      "43": 25,
      "44": 25,
      "45": 20,
      "46": 25,
      "47": 4,
      "48": 4,
      "49": 21,
      "50": 0,
      "51": 0,
      "52": 21,
      "53": 21,
      "54": 15,
      "55": 5,
      "56": 0,
      "57": 0,
      "58": 5,
      "59": 4,
      "60": 2,
      "61": 2,
      "62": 4,
      "63": 0,
      "64": 0,
      "65": 0,
      "66": 0,
      "67": 0,
      "68": 0,
      "69": 0,
      "70": 0,
      "71": 0,
      "72": 0,
      "73": 0,
      "74": 0,
      "75": 0,
      "76": 0,
      "77": 0,
      "78": 0,
      "79": 0,
      "80": 0,
      "81": 0,
      "82": 0,
      "83": 0,
      "84": 0,
      "85": 0,
      "86": 0,
      "87": 0,
      "88": 7,
      "89": 7,
      "90": 0,
      "91": 0,
      "92": 0,
      "93": 7,
      "94": 3,
      "95": 4,
      "96": 6,
      "97": 0,
      "98": 0
    },
    "f": {
      "0": 8,
      "1": 14,
      "2": 0,
      "3": 0,
      "4": 15,
      "5": 25,
      "6": 4,
      "7": 0,
      "8": 0,
      "9": 0,
      "10": 0,
      "11": 0,
      "12": 0,
      "13": 0,
      "14": 7,
      "15": 0,
      "16": 0,
      "17": 7,
      "18": 3,
      "19": 4,
      "20": 6,
      "21": 0,
      "22": 0
    },
    "b": {
      "0": [
        0
      ],
      "1": [
        0,
        0
      ],
      "2": [
        0
      ],
      "3": [
        0,
        0
      ],
      "4": [
        0,
        0
      ],
      "5": [
        0
      ],
      "6": [
        0,
        0
      ],
      "7": [
        0
      ],
      "8": [
        0,
        0
      ],
      "9": [
        0,
        0
      ],
      "10": [
        0
      ],
      "11": [
        7,
        8
      ],
      "12": [
        14
      ],
      "13": [
        9
      ],
      "14": [
        20
      ],
      "15": [
        4,
        21
      ],
      "16": [
        0,
        21
      ],
      "17": [
        21
      ],
      "18": [
        0
      ],
      "19": [
        5,
        5
      ],
      "20": [
        0,
        0
      ],
      "21": [
        2
      ],
      "22": [
        0
      ],
      "23": [
        0,
        0
      ],
      "24": [
        0,
        0
      ],
      "25": [
        0,
        0
      ],
      "26": [
        0
      ],
      "27": [
        0
      ],
      "28": [
        0,
        0
      ],
      "29": [
        0
      ],
      "30": [
        0,
        6
      ]
    }
  },
  "/home/david/projects/ob3/src/lib/icons/planificacion_auditoria.svelte": {
    "path": "/home/david/projects/ob3/src/lib/icons/planificacion_auditoria.svelte",
    "statementMap": {
      "0": {
        "start": {
          "line": 1,
          "column": 0
        },
        "end": {
          "line": 26,
          "column": null
        }
      },
      "1": {
        "start": {
          "line": 2,
          "column": 1
        },
        "end": {
          "line": 2,
          "column": null
        }
      },
      "2": {
        "start": {
          "line": 3,
          "column": 1
        },
        "end": {
          "line": 3,
          "column": null
        }
      },
      "3": {
        "start": {
          "line": 4,
          "column": 1
        },
        "end": {
          "line": 4,
          "column": null
        }
      },
      "4": {
        "start": {
          "line": 5,
          "column": 1
        },
        "end": {
          "line": 5,
          "column": null
        }
      },
      "5": {
        "start": {
          "line": 6,
          "column": 1
        },
        "end": {
          "line": 6,
          "column": null
        }
      },
      "6": {
        "start": {
          "line": 7,
          "column": 1
        },
        "end": {
          "line": 7,
          "column": null
        }
      },
      "7": {
        "start": {
          "line": 8,
          "column": 1
        },
        "end": {
          "line": 8,
          "column": null
        }
      },
      "8": {
        "start": {
          "line": 9,
          "column": 1
        },
        "end": {
          "line": 9,
          "column": null
        }
      },
      "9": {
        "start": {
          "line": 10,
          "column": 1
        },
        "end": {
          "line": 10,
          "column": null
        }
      },
      "10": {
        "start": {
          "line": 11,
          "column": 1
        },
[...]
          "column": null
        }
      },
      "87": {
        "start": {
          "line": 167,
          "column": 13
        },
        "end": {
          "line": 167,
          "column": null
        }
      },
      "88": {
        "start": {
          "line": 167,
          "column": 23
        },
        "end": {
          "line": 167,
          "column": null
        }
      },
      "89": {
        "start": {
          "line": 168,
          "column": 13
        },
        "end": {
          "line": 168,
          "column": null
        }
      },
      "90": {
        "start": {
          "line": 168,
          "column": 23
        },
        "end": {
          "line": 168,
          "column": null
        }
      },
      "91": {
        "start": {
          "line": 169,
          "column": 14
        },
        "end": {
          "line": 169,
          "column": null
        }
      },
      "92": {
        "start": {
          "line": 169,
          "column": 24
        },
        "end": {
          "line": 169,
          "column": null
        }
      }
    },
    "fnMap": {
      "0": {
        "name": "(anonymous_108)",
        "decl": {
          "start": {
            "line": 116,
            "column": 27
          },
          "end": {
            "line": 116,
            "column": 30
          }
        },
        "loc": {
          "start": {
            "line": 116,
            "column": 35
          },
          "end": {
            "line": 116,
            "column": null
          }
        }
      },
      "1": {
        "name": "(anonymous_112)",
        "decl": {
          "start": {
            "line": 148,
            "column": 27
          },
          "end": {
            "line": 148,
            "column": 40
          }
        },
        "loc": {
          "start": {
            "line": 148,
            "column": 27
          },
          "end": {
            "line": 148,
            "column": 52
          }
        }
      },
      "2": {
        "name": "(anonymous_115)",
        "decl": {
          "start": {
            "line": 166,
            "column": 11
          },
          "end": {
            "line": 166,
            "column": 16
          }
        },
        "loc": {
          "start": {
            "line": 166,
            "column": 21
          },
          "end": {
            "line": 166,
            "column": null
          }
        }
      },
      "3": {
        "name": "(anonymous_116)",
        "decl": {
          "start": {
            "line": 167,
            "column": 13
          },
          "end": {
            "line": 167,
            "column": 18
          }
        },
        "loc": {
          "start": {
            "line": 167,
            "column": 23
          },
          "end": {
            "line": 167,
            "column": null
          }
        }
      },
      "4": {
        "name": "(anonymous_117)",
        "decl": {
          "start": {
            "line": 168,
            "column": 13
          },
          "end": {
            "line": 168,
            "column": 18
          }
        },
        "loc": {
          "start": {
            "line": 168,
            "column": 23
          },
          "end": {
            "line": 168,
            "column": null
          }
        }
      },
      "5": {
        "name": "(anonymous_118)",
        "decl": {
          "start": {
            "line": 169,
            "column": 14
          },
          "end": {
            "line": 169,
            "column": 19
          }
        },
        "loc": {
          "start": {
            "line": 169,
            "column": 24
          },
          "end": {
            "line": 169,
            "column": null
          }
        }
      }
    },
    "branchMap": {
      "0": {
        "loc": {
          "start": {
            "line": 134,
            "column": 16
          },
          "end": {
            "line": 134,
            "column": 35
          }
        },
        "type": "if",
        "locations": [
          {
            "start": {
              "line": 134,
              "column": 16
            },
            "end": {
              "line": 134,
              "column": 35
            }
          }
        ]
      },
      "1": {
        "loc": {
          "start": {
            "line": 134,
            "column": 48
          },
          "end": {
            "line": 134,
            "column": null
          }
        },
        "type": "if",
        "locations": [
          {
            "start": {
              "line": 134,
              "column": 48
            },
            "end": {
              "line": 134,
              "column": null
            }
          }
        ]
      },
      "2": {
        "loc": {
          "start": {
            "line": 143,
            "column": 20
          },
          "end": {
            "line": 143,
            "column": null
          }
        },
        "type": "if",
        "locations": [
          {
            "start": {
              "line": 143,
              "column": 20
            },
            "end": {
              "line": 143,
              "column": null
            }
          }
        ]
      },
      "3": {
        "loc": {
          "start": {
            "line": 142,
            "column": 6
          },
          "end": {
            "line": 142,
            "column": null
          }
        },
        "type": "binary-expr",
        "locations": [
          {
            "start": {
              "line": 142,
              "column": 6
            },
            "end": {
              "line": 142,
              "column": null
            }
          },
          {
            "start": {
              "line": 142,
              "column": 11
            },
            "end": {
              "line": 142,
              "column": null
            }
          }
        ]
      },
      "4": {
        "loc": {
          "start": {
            "line": 153,
            "column": 19
          },
          "end": {
            "line": 153,
            "column": null
          }
        },
        "type": "if",
        "locations": [
          {
            "start": {
              "line": 153,
              "column": 19
            },
            "end": {
              "line": 153,
              "column": null
            }
          }
        ]
      },
      "5": {
        "loc": {
          "start": {
            "line": 157,
            "column": 16
          },
          "end": {
            "line": 157,
            "column": 30
          }
        },
        "type": "if",
        "locations": [
          {
            "start": {
              "line": 157,
              "column": 16
            },
            "end": {
              "line": 157,
              "column": 30
            }
          }
        ]
      },
      "6": {
        "loc": {
          "start": {
            "line": 157,
            "column": 51
          },
          "end": {
            "line": 157,
            "column": null
          }
        },
        "type": "if",
        "locations": [
          {
            "start": {
              "line": 157,
              "column": 51
            },
            "end": {
              "line": 157,
              "column": null
            }
          }
        ]
      },
      "7": {
        "loc": {
          "start": {
            "line": 152,
            "column": 5
          },
          "end": {
            "line": 152,
            "column": null
          }
        },
        "type": "binary-expr",
        "locations": [
          {
            "start": {
              "line": 152,
              "column": 5
            },
            "end": {
              "line": 152,
              "column": null
            }
          },
          {
            "start": {
              "line": 152,
              "column": 10
            },
            "end": {
              "line": 152,
              "column": null
            }
          }
        ]
      },
      "8": {
        "loc": {
          "start": {
            "line": 156,
            "column": 5
          },
          "end": {
            "line": 156,
            "column": null
          }
        },
        "type": "binary-expr",
        "locations": [
          {
            "start": {
              "line": 156,
              "column": 5
            },
            "end": {
              "line": 156,
              "column": 13
            }
          },
          {
            "start": {
              "line": 156,
              "column": 13
            },
            "end": {
              "line": 156,
              "column": 24
            }
          },
          {
            "start": {
              "line": 156,
              "column": 24
            },
            "end": {
              "line": 156,
              "column": null
            }
          }
        ]
      },
      "9": {
        "loc": {
          "start": {
            "line": 133,
            "column": 32
          },
          "end": {
            "line": 133,
            "column": null
          }
        },
        "type": "if",
        "locations": [
          {
            "start": {
              "line": 133,
              "column": 32
            },
            "end": {
              "line": 133,
              "column": null
            }
          }
        ]
      },
      "10": {
        "loc": {
          "start": {
            "line": 156,
            "column": 5
          },
          "end": {
            "line": 156,
            "column": 24
          }
        },
        "type": "binary-expr",
        "locations": [
          {
            "start": {
              "line": 156,
              "column": 5
            },
            "end": {
              "line": 156,
              "column": 13
            }
          },
          {
            "start": {
              "line": 156,
              "column": 13
            },
            "end": {
              "line": 156,
              "column": 24
            }
          }
        ]
      },
      "11": {
        "loc": {
          "start": {
            "line": 15,
            "column": 12
          },
          "end": {
            "line": 15,
            "column": null
          }
        },
        "type": "default-arg",
        "locations": [
          {
            "start": {
              "line": 15,
              "column": 19
            },
            "end": {
              "line": 15,
              "column": null
            }
          }
        ]
      },
      "12": {
        "loc": {
          "start": {
            "line": 16,
            "column": 12
          },
          "end": {
            "line": 16,
            "column": null
          }
        },
        "type": "default-arg",
        "locations": [
          {
            "start": {
              "line": 16,
              "column": 22
            },
            "end": {
              "line": 16,
              "column": null
            }
          }
        ]
      },
      "13": {
        "loc": {
          "start": {
            "line": 18,
            "column": 12
          },
          "end": {
            "line": 18,
            "column": null
          }
        },
        "type": "default-arg",
        "locations": [
          {
            "start": {
              "line": 18,
              "column": 16
            },
            "end": {
              "line": 18,
              "column": null
            }
          }
        ]
      },
      "14": {
        "loc": {
          "start": {
            "line": 19,
            "column": 12
          },
          "end": {
            "line": 19,
            "column": 55
          }
        },
        "type": "default-arg",
        "locations": [
          {
            "start": {
              "line": 19,
              "column": 46
            },
            "end": {
              "line": 19,
              "column": 55
            }
          }
        ]
      },
      "15": {
        "loc": {
          "start": {
            "line": 20,
            "column": 12
          },
          "end": {
            "line": 20,
            "column": 28
          }
        },
        "type": "default-arg",
        "locations": [
          {
            "start": {
              "line": 20,
              "column": 24
            },
            "end": {
              "line": 20,
              "column": 28
            }
          }
        ]
      },
      "16": {
        "loc": {
          "start": {
            "line": 32,
            "column": 14
          },
          "end": {
            "line": 32,
            "column": 28
          }
        },
        "type": "default-arg",
        "locations": [
          {
            "start": {
              "line": 32,
              "column": 21
            },
            "end": {
              "line": 32,
              "column": 28
            }
          }
        ]
      },
      "17": {
        "loc": {
          "start": {
            "line": 32,
            "column": 28
          },
          "end": {
            "line": 32,
            "column": 46
          }
        },
        "type": "default-arg",
        "locations": [
          {
            "start": {
              "line": 32,
              "column": 41
            },
            "end": {
              "line": 32,
              "column": 46
            }
          }
        ]
      },
      "18": {
        "loc": {
          "start": {
            "line": 48,
            "column": 7
          },
          "end": {
            "line": 48,
            "column": 59
          }
        },
        "type": "binary-expr",
        "locations": [
          {
            "start": {
              "line": 48,
              "column": 7
            },
            "end": {
              "line": 48,
              "column": 13
            }
          },
          {
            "start": {
              "line": 48,
              "column": 18
            },
            "end": {
              "line": 48,
              "column": 41
            }
          },
          {
            "start": {
              "line": 48,
              "column": 41
            },
            "end": {
              "line": 48,
              "column": 59
            }
          }
        ]
      },
      "19": {
        "loc": {
          "start": {
            "line": 91,
            "column": 17
          },
          "end": {
            "line": 91,
            "column": 40
          }
        },
        "type": "cond-expr",
        "locations": [
          {
            "start": {
              "line": 91,
              "column": 32
            },
            "end": {
              "line": 91,
              "column": 34
            }
          },
          {
            "start": {
              "line": 91,
              "column": 37
            },
            "end": {
              "line": 91,
              "column": 40
            }
          }
        ]
      },
      "20": {
        "loc": {
          "start": {
            "line": 99,
            "column": 6
          },
          "end": {
            "line": 99,
            "column": 31
          }
        },
        "type": "binary-expr",
        "locations": [
          {
            "start": {
              "line": 99,
              "column": 6
            },
            "end": {
              "line": 99,
              "column": 15
            }
          },
          {
            "start": {
              "line": 99,
              "column": 19
            },
            "end": {
              "line": 99,
              "column": 31
            }
          }
        ]
      },
      "21": {
        "loc": {
          "start": {
            "line": 122,
            "column": 16
          },
          "end": {
            "line": 122,
            "column": null
          }
        },
        "type": "binary-expr",
        "locations": [
          {
            "start": {
              "line": 122,
              "column": 16
            },
            "end": {
              "line": 122,
              "column": 20
            }
          },
          {
            "start": {
              "line": 122,
              "column": 24
            },
            "end": {
              "line": 122,
              "column": 33
            }
          },
          {
            "start": {
              "line": 122,
              "column": 33
            },
            "end": {
              "line": 122,
              "column": null
            }
          }
        ]
      },
      "22": {
        "loc": {
          "start": {
            "line": 127,
            "column": 16
          },
          "end": {
            "line": 127,
            "column": null
          }
        },
        "type": "binary-expr",
        "locations": [
          {
            "start": {
              "line": 127,
              "column": 16
            },
            "end": {
              "line": 127,
              "column": 20
            }
          },
          {
            "start": {
              "line": 127,
              "column": 24
            },
            "end": {
              "line": 127,
              "column": 33
            }
          },
          {
            "start": {
              "line": 127,
              "column": 33
            },
            "end": {
              "line": 127,
              "column": null
            }
          }
        ]
      }
    },
    "s": {
      "0": 0,
      "1": 0,
      "2": 0,
      "3": 0,
      "4": 0,
      "5": 0,
      "6": 0,
      "7": 0,
      "8": 0,
      "9": 0,
      "10": 0,
      "11": 0,
      "12": 0,
      "13": 0,
      "14": 0,
      "15": 0,
      "16": 2,
      "17": 1,
      "18": 1,
      "19": 1,
      "20": 1,
      "21": 1,
      "22": 1,
      "23": 1,
      "24": 1,
      "25": 1,
      "26": 1,
      "27": 1,
      "28": 1,
      "29": 1,
      "30": 1,
      "31": 1,
      "32": 1,
      "33": 1,
      "34": 1,
      "35": 1,
      "36": 0,
      "37": 0,
      "38": 0,
      "39": 0,
      "40": 0,
      "41": 0,
      "42": 0,
      "43": 0,
      "44": 0,
      "45": 0,
      "46": 0,
      "47": 0,
      "48": 0,
      "49": 0,
      "50": 0,
      "51": 0,
      "52": 0,
      "53": 0,
      "54": 0,
      "55": 0,
      "56": 0,
      "57": 0,
      "58": 0,
      "59": 0,
      "60": 0,
      "61": 0,
      "62": 0,
      "63": 0,
      "64": 0,
      "65": 0,
      "66": 0,
      "67": 0,
      "68": 0,
      "69": 0,
      "70": 0,
      "71": 0,
      "72": 0,
      "73": 0,
      "74": 0,
      "75": 0,
      "76": 0,
      "77": 0,
      "78": 0,
      "79": 0,
      "80": 0,
      "81": 0,
      "82": 0,
      "83": 0,
      "84": 1,
      "85": 1,
      "86": 0,
      "87": 1,
      "88": 0,
      "89": 1,
      "90": 0,
      "91": 1,
      "92": 0
    },
    "f": {
      "0": 0,
      "1": 0,
      "2": 0,
      "3": 0,
      "4": 0,
      "5": 0
    },
    "b": {
      "0": [
        0
      ],
      "1": [
        0
      ],
      "2": [
        0
      ],
      "3": [
        0,
        0
      ],
      "4": [
        0
      ],
      "5": [
        0
      ],
      "6": [
        0
      ],
      "7": [
        1,
        0
      ],
      "8": [
        1,
        1,
        0
      ],
      "9": [
        0
      ],
      "10": [
        1,
        1
      ],
      "11": [
        0
      ],
      "12": [
        0
      ],
      "13": [
        1
      ],
      "14": [
        1
      ],
      "15": [
        1
      ],
      "16": [
        0
      ],
      "17": [
        0
      ],
      "18": [
        0,
        0,
        0
      ],
      "19": [
        0,
        0
      ],
      "20": [
        0,
        0
      ],
      "21": [
        0,
        0,
        0
      ],
      "22": [
        0,
        0,
        0
      ]
    }
  }
}